# JRE version: OpenJDK Runtime Environment Temurin-17.0.13+11 (17.0.13+11) (build 17.0.13+11)
# Java VM: OpenJDK 64-Bit Server VM Temurin-17.0.13+11 (17.0.13+11, mixed mode, tiered, compressed oops, compressed class ptrs, parallel gc, windows-amd64)
GC Precious Log:
 CPUs: 8 total, 8 available
 Memory: 8023M
 Large Page Support: Disabled
 NUMA Support: Disabled
 Compressed Oops: Enabled (32-bit)
 Alignments: Space 512K, Generation 512K, Heap 2M
 Heap Min Capacity: 100M
 Heap Initial Capacity: 100M
 Heap Max Capacity: 1G
 Pre-touch: Disabled
 Parallel Workers: 8
Heap:
 PSYoungGen      total 24064K, used 9313K [0x00000000eab00000, 0x00000000ecc80000, 0x0000000100000000)
  eden space 18944K, 22% used [0x00000000eab00000,0x00000000eaf1f000,0x00000000ebd80000)
  from space 5120K, 99% used [0x00000000ebd80000,0x00000000ec279520,0x00000000ec280000)
  to   space 7680K, 0% used [0x00000000ec500000,0x00000000ec500000,0x00000000ecc80000)
 ParOldGen       total 165376K, used 145562K [0x00000000c0000000, 0x00000000ca180000, 0x00000000eab00000)
  object space 165376K, 88% used [0x00000000c0000000,0x00000000c8e26800,0x00000000ca180000)
 Metaspace       used 81266K, committed 82624K, reserved 1179648K
  class space    used 8801K, committed 9408K, reserved 1048576K
GC Heap History (20 events):
Event: 445.592 GC heap before
{Heap before GC invocations=186 (full 8):
 PSYoungGen      total 21504K, used 21475K [0x00000000eab00000, 0x00000000ec700000, 0x0000000100000000)
  eden space 18944K, 100% used [0x00000000eab00000,0x00000000ebd80000,0x00000000ebd80000)
  from space 2560K, 98% used [0x00000000ec400000,0x00000000ec678f30,0x00000000ec680000)
  to   space 512K, 0% used [0x00000000ec680000,0x00000000ec680000,0x00000000ec700000)
 ParOldGen       total 165376K, used 133210K [0x00000000c0000000, 0x00000000ca180000, 0x00000000eab00000)
  object space 165376K, 80% used [0x00000000c0000000,0x00000000c8216aa8,0x00000000ca180000)
 Metaspace       used 77931K, committed 79232K, reserved 1179648K
  class space    used 8485K, committed 9088K, reserved 1048576K
}
Event: 445.596 GC heap after
{Heap after GC invocations=186 (full 8):
 PSYoungGen      total 19456K, used 511K [0x00000000eab00000, 0x00000000ec700000, 0x0000000100000000)
  eden space 18944K, 0% used [0x00000000eab00000,0x00000000eab00000,0x00000000ebd80000)
  from space 512K, 99% used [0x00000000ec680000,0x00000000ec6ffd08,0x00000000ec700000)
  to   space 3072K, 0% used [0x00000000ec100000,0x00000000ec100000,0x00000000ec400000)
 ParOldGen       total 165376K, used 135410K [0x00000000c0000000, 0x00000000ca180000, 0x00000000eab00000)
  object space 165376K, 81% used [0x00000000c0000000,0x00000000c843c968,0x00000000ca180000)
 Metaspace       used 77931K, committed 79232K, reserved 1179648K
  class space    used 8485K, committed 9088K, reserved 1048576K
}
Event: 448.072 GC heap before
{Heap before GC invocations=187 (full 8):
 PSYoungGen      total 19456K, used 19455K [0x00000000eab00000, 0x00000000ec700000, 0x0000000100000000)
  eden space 18944K, 100% used [0x00000000eab00000,0x00000000ebd80000,0x00000000ebd80000)
  from space 512K, 99% used [0x00000000ec680000,0x00000000ec6ffd08,0x00000000ec700000)
  to   space 3072K, 0% used [0x00000000ec100000,0x00000000ec100000,0x00000000ec400000)
 ParOldGen       total 165376K, used 135410K [0x00000000c0000000, 0x00000000ca180000, 0x00000000eab00000)
  object space 165376K, 81% used [0x00000000c0000000,0x00000000c843c968,0x00000000ca180000)
 Metaspace       used 78030K, committed 79296K, reserved 1179648K
  class space    used 8486K, committed 9088K, reserved 1048576K
}
Event: 448.075 GC heap after
{Heap after GC invocations=187 (full 8):
 PSYoungGen      total 22016K, used 3058K [0x00000000eab00000, 0x00000000eca80000, 0x0000000100000000)
  eden space 18944K, 0% used [0x00000000eab00000,0x00000000eab00000,0x00000000ebd80000)
  from space 3072K, 99% used [0x00000000ec100000,0x00000000ec3fcbf8,0x00000000ec400000)
  to   space 6656K, 0% used [0x00000000ec400000,0x00000000ec400000,0x00000000eca80000)
 ParOldGen       total 165376K, used 138383K [0x00000000c0000000, 0x00000000ca180000, 0x00000000eab00000)
  object space 165376K, 83% used [0x00000000c0000000,0x00000000c8723f00,0x00000000ca180000)
 Metaspace       used 78030K, committed 79296K, reserved 1179648K
  class space    used 8486K, committed 9088K, reserved 1048576K
}
Event: 484.185 GC heap before
{Heap before GC invocations=188 (full 8):
 PSYoungGen      total 22016K, used 20287K [0x00000000eab00000, 0x00000000eca80000, 0x0000000100000000)
  eden space 18944K, 90% used [0x00000000eab00000,0x00000000ebbd30c8,0x00000000ebd80000)
  from space 3072K, 99% used [0x00000000ec100000,0x00000000ec3fcbf8,0x00000000ec400000)
  to   space 6656K, 0% used [0x00000000ec400000,0x00000000ec400000,0x00000000eca80000)
 ParOldGen       total 165376K, used 138383K [0x00000000c0000000, 0x00000000ca180000, 0x00000000eab00000)
  object space 165376K, 83% used [0x00000000c0000000,0x00000000c8723f00,0x00000000ca180000)
 Metaspace       used 78827K, committed 80128K, reserved 1179648K
  class space    used 8620K, committed 9216K, reserved 1048576K
}
Event: 484.188 GC heap after
{Heap after GC invocations=188 (full 8):
 PSYoungGen      total 19968K, used 923K [0x00000000eab00000, 0x00000000ec500000, 0x0000000100000000)
  eden space 18944K, 0% used [0x00000000eab00000,0x00000000eab00000,0x00000000ebd80000)
  from space 1024K, 90% used [0x00000000ec400000,0x00000000ec4e6f30,0x00000000ec500000)
  to   space 3072K, 0% used [0x00000000ebf00000,0x00000000ebf00000,0x00000000ec200000)
 ParOldGen       total 165376K, used 138463K [0x00000000c0000000, 0x00000000ca180000, 0x00000000eab00000)
  object space 165376K, 83% used [0x00000000c0000000,0x00000000c8737f00,0x00000000ca180000)
 Metaspace       used 78827K, committed 80128K, reserved 1179648K
  class space    used 8620K, committed 9216K, reserved 1048576K
}
Event: 484.676 GC heap before
{Heap before GC invocations=189 (full 8):
 PSYoungGen      total 19968K, used 19867K [0x00000000eab00000, 0x00000000ec500000, 0x0000000100000000)
  eden space 18944K, 99% used [0x00000000eab00000,0x00000000ebd7fff8,0x00000000ebd80000)
  from space 1024K, 90% used [0x00000000ec400000,0x00000000ec4e6f30,0x00000000ec500000)
  to   space 3072K, 0% used [0x00000000ebf00000,0x00000000ebf00000,0x00000000ec200000)
 ParOldGen       total 165376K, used 138463K [0x00000000c0000000, 0x00000000ca180000, 0x00000000eab00000)
  object space 165376K, 83% used [0x00000000c0000000,0x00000000c8737f00,0x00000000ca180000)
 Metaspace       used 79270K, committed 80512K, reserved 1179648K
  class space    used 8640K, committed 9216K, reserved 1048576K
}
Event: 484.680 GC heap after
{Heap after GC invocations=189 (full 8):
 PSYoungGen      total 22016K, used 3061K [0x00000000eab00000, 0x00000000ecc80000, 0x0000000100000000)
  eden space 18944K, 0% used [0x00000000eab00000,0x00000000eab00000,0x00000000ebd80000)
  from space 3072K, 99% used [0x00000000ebf00000,0x00000000ec1fd4b0,0x00000000ec200000)
  to   space 7680K, 0% used [0x00000000ec500000,0x00000000ec500000,0x00000000ecc80000)
 ParOldGen       total 165376K, used 141874K [0x00000000c0000000, 0x00000000ca180000, 0x00000000eab00000)
  object space 165376K, 85% used [0x00000000c0000000,0x00000000c8a8c8b8,0x00000000ca180000)
 Metaspace       used 79270K, committed 80512K, reserved 1179648K
  class space    used 8640K, committed 9216K, reserved 1048576K
}
Event: 484.733 GC heap before
{Heap before GC invocations=190 (full 8):
 PSYoungGen      total 22016K, used 22005K [0x00000000eab00000, 0x00000000ecc80000, 0x0000000100000000)
  eden space 18944K, 100% used [0x00000000eab00000,0x00000000ebd80000,0x00000000ebd80000)
  from space 3072K, 99% used [0x00000000ebf00000,0x00000000ec1fd4b0,0x00000000ec200000)
  to   space 7680K, 0% used [0x00000000ec500000,0x00000000ec500000,0x00000000ecc80000)
 ParOldGen       total 165376K, used 141874K [0x00000000c0000000, 0x00000000ca180000, 0x00000000eab00000)
  object space 165376K, 85% used [0x00000000c0000000,0x00000000c8a8c8b8,0x00000000ca180000)
 Metaspace       used 79353K, committed 80704K, reserved 1179648K
  class space    used 8646K, committed 9280K, reserved 1048576K
}
Event: 484.738 GC heap after
{Heap after GC invocations=190 (full 8):
 PSYoungGen      total 23552K, used 4325K [0x00000000eab00000, 0x00000000ec980000, 0x0000000100000000)
  eden space 18944K, 0% used [0x00000000eab00000,0x00000000eab00000,0x00000000ebd80000)
  from space 4608K, 93% used [0x00000000ec500000,0x00000000ec9394e0,0x00000000ec980000)
  to   space 5120K, 0% used [0x00000000ebf80000,0x00000000ebf80000,0x00000000ec480000)
 ParOldGen       total 165376K, used 141906K [0x00000000c0000000, 0x00000000ca180000, 0x00000000eab00000)
  object space 165376K, 85% used [0x00000000c0000000,0x00000000c8a948b8,0x00000000ca180000)
 Metaspace       used 79353K, committed 80704K, reserved 1179648K
  class space    used 8646K, committed 9280K, reserved 1048576K
}
Event: 484.784 GC heap before
{Heap before GC invocations=191 (full 8):
 PSYoungGen      total 23552K, used 23269K [0x00000000eab00000, 0x00000000ec980000, 0x0000000100000000)
  eden space 18944K, 100% used [0x00000000eab00000,0x00000000ebd80000,0x00000000ebd80000)
  from space 4608K, 93% used [0x00000000ec500000,0x00000000ec9394e0,0x00000000ec980000)
  to   space 5120K, 0% used [0x00000000ebf80000,0x00000000ebf80000,0x00000000ec480000)
 ParOldGen       total 165376K, used 141906K [0x00000000c0000000, 0x00000000ca180000, 0x00000000eab00000)
  object space 165376K, 85% used [0x00000000c0000000,0x00000000c8a948b8,0x00000000ca180000)
 Metaspace       used 79459K, committed 80832K, reserved 1179648K
  class space    used 8651K, committed 9280K, reserved 1048576K
}
Event: 484.790 GC heap after
{Heap after GC invocations=191 (full 8):
 PSYoungGen      total 24064K, used 5093K [0x00000000eab00000, 0x00000000ec880000, 0x0000000100000000)
  eden space 18944K, 0% used [0x00000000eab00000,0x00000000eab00000,0x00000000ebd80000)
  from space 5120K, 99% used [0x00000000ebf80000,0x00000000ec479520,0x00000000ec480000)
  to   space 4096K, 0% used [0x00000000ec480000,0x00000000ec480000,0x00000000ec880000)
 ParOldGen       total 165376K, used 141914K [0x00000000c0000000, 0x00000000ca180000, 0x00000000eab00000)
  object space 165376K, 85% used [0x00000000c0000000,0x00000000c8a968b8,0x00000000ca180000)
 Metaspace       used 79459K, committed 80832K, reserved 1179648K
  class space    used 8651K, committed 9280K, reserved 1048576K
}
Event: 484.856 GC heap before
{Heap before GC invocations=192 (full 8):
 PSYoungGen      total 24064K, used 24037K [0x00000000eab00000, 0x00000000ec880000, 0x0000000100000000)
  eden space 18944K, 100% used [0x00000000eab00000,0x00000000ebd80000,0x00000000ebd80000)
  from space 5120K, 99% used [0x00000000ebf80000,0x00000000ec479520,0x00000000ec480000)
  to   space 4096K, 0% used [0x00000000ec480000,0x00000000ec480000,0x00000000ec880000)
 ParOldGen       total 165376K, used 141914K [0x00000000c0000000, 0x00000000ca180000, 0x00000000eab00000)
  object space 165376K, 85% used [0x00000000c0000000,0x00000000c8a968b8,0x00000000ca180000)
 Metaspace       used 79692K, committed 81088K, reserved 1179648K
  class space    used 8664K, committed 9280K, reserved 1048576K
}
Event: 484.862 GC heap after
{Heap after GC invocations=192 (full 8):
 PSYoungGen      total 23040K, used 4085K [0x00000000eab00000, 0x00000000ec980000, 0x0000000100000000)
  eden space 18944K, 0% used [0x00000000eab00000,0x00000000eab00000,0x00000000ebd80000)
  from space 4096K, 99% used [0x00000000ec480000,0x00000000ec87d4b0,0x00000000ec880000)
  to   space 6144K, 0% used [0x00000000ebd80000,0x00000000ebd80000,0x00000000ec380000)
 ParOldGen       total 165376K, used 143564K [0x00000000c0000000, 0x00000000ca180000, 0x00000000eab00000)
  object space 165376K, 86% used [0x00000000c0000000,0x00000000c8c33128,0x00000000ca180000)
 Metaspace       used 79692K, committed 81088K, reserved 1179648K
  class space    used 8664K, committed 9280K, reserved 1048576K
}
Event: 484.915 GC heap before
{Heap before GC invocations=193 (full 8):
 PSYoungGen      total 23040K, used 23029K [0x00000000eab00000, 0x00000000ec980000, 0x0000000100000000)
  eden space 18944K, 100% used [0x00000000eab00000,0x00000000ebd80000,0x00000000ebd80000)
  from space 4096K, 99% used [0x00000000ec480000,0x00000000ec87d4b0,0x00000000ec880000)
  to   space 6144K, 0% used [0x00000000ebd80000,0x00000000ebd80000,0x00000000ec380000)
 ParOldGen       total 165376K, used 143564K [0x00000000c0000000, 0x00000000ca180000, 0x00000000eab00000)
  object space 165376K, 86% used [0x00000000c0000000,0x00000000c8c33128,0x00000000ca180000)
 Metaspace       used 79816K, committed 81152K, reserved 1179648K
  class space    used 8669K, committed 9280K, reserved 1048576K
}
Event: 484.919 GC heap after
{Heap after GC invocations=193 (full 8):
 PSYoungGen      total 23552K, used 4546K [0x00000000eab00000, 0x00000000ec780000, 0x0000000100000000)
  eden space 18944K, 0% used [0x00000000eab00000,0x00000000eab00000,0x00000000ebd80000)
  from space 4608K, 98% used [0x00000000ebd80000,0x00000000ec1f0988,0x00000000ec200000)
  to   space 5120K, 0% used [0x00000000ec280000,0x00000000ec280000,0x00000000ec780000)
 ParOldGen       total 165376K, used 143580K [0x00000000c0000000, 0x00000000ca180000, 0x00000000eab00000)
  object space 165376K, 86% used [0x00000000c0000000,0x00000000c8c37128,0x00000000ca180000)
 Metaspace       used 79816K, committed 81152K, reserved 1179648K
  class space    used 8669K, committed 9280K, reserved 1048576K
}
Event: 484.974 GC heap before
{Heap before GC invocations=194 (full 8):
 PSYoungGen      total 23552K, used 23490K [0x00000000eab00000, 0x00000000ec780000, 0x0000000100000000)
  eden space 18944K, 100% used [0x00000000eab00000,0x00000000ebd80000,0x00000000ebd80000)
  from space 4608K, 98% used [0x00000000ebd80000,0x00000000ec1f0988,0x00000000ec200000)
  to   space 5120K, 0% used [0x00000000ec280000,0x00000000ec280000,0x00000000ec780000)
 ParOldGen       total 165376K, used 143580K [0x00000000c0000000, 0x00000000ca180000, 0x00000000eab00000)
  object space 165376K, 86% used [0x00000000c0000000,0x00000000c8c37128,0x00000000ca180000)
 Metaspace       used 80006K, committed 81344K, reserved 1179648K
  class space    used 8683K, committed 9280K, reserved 1048576K
}
Event: 484.980 GC heap after
{Heap after GC invocations=194 (full 8):
 PSYoungGen      total 24064K, used 4952K [0x00000000eab00000, 0x00000000ec780000, 0x0000000100000000)
  eden space 18944K, 0% used [0x00000000eab00000,0x00000000eab00000,0x00000000ebd80000)
  from space 5120K, 96% used [0x00000000ec280000,0x00000000ec7560f8,0x00000000ec780000)
  to   space 5120K, 0% used [0x00000000ebd80000,0x00000000ebd80000,0x00000000ec280000)
 ParOldGen       total 165376K, used 143580K [0x00000000c0000000, 0x00000000ca180000, 0x00000000eab00000)
  object space 165376K, 86% used [0x00000000c0000000,0x00000000c8c37128,0x00000000ca180000)
 Metaspace       used 80006K, committed 81344K, reserved 1179648K
  class space    used 8683K, committed 9280K, reserved 1048576K
}
Event: 745.047 GC heap before
{Heap before GC invocations=195 (full 8):
 PSYoungGen      total 24064K, used 23896K [0x00000000eab00000, 0x00000000ec780000, 0x0000000100000000)
  eden space 18944K, 100% used [0x00000000eab00000,0x00000000ebd80000,0x00000000ebd80000)
  from space 5120K, 96% used [0x00000000ec280000,0x00000000ec7560f8,0x00000000ec780000)
  to   space 5120K, 0% used [0x00000000ebd80000,0x00000000ebd80000,0x00000000ec280000)
 ParOldGen       total 165376K, used 143580K [0x00000000c0000000, 0x00000000ca180000, 0x00000000eab00000)
  object space 165376K, 86% used [0x00000000c0000000,0x00000000c8c37128,0x00000000ca180000)
 Metaspace       used 81199K, committed 82560K, reserved 1179648K
  class space    used 8801K, committed 9408K, reserved 1048576K
}
Event: 745.053 GC heap after
{Heap after GC invocations=195 (full 8):
 PSYoungGen      total 24064K, used 5093K [0x00000000eab00000, 0x00000000ecc80000, 0x0000000100000000)
  eden space 18944K, 0% used [0x00000000eab00000,0x00000000eab00000,0x00000000ebd80000)
  from space 5120K, 99% used [0x00000000ebd80000,0x00000000ec279520,0x00000000ec280000)
  to   space 7680K, 0% used [0x00000000ec500000,0x00000000ec500000,0x00000000ecc80000)
 ParOldGen       total 165376K, used 145562K [0x00000000c0000000, 0x00000000ca180000, 0x00000000eab00000)
  object space 165376K, 88% used [0x00000000c0000000,0x00000000c8e26800,0x00000000ca180000)
 Metaspace       used 81199K, committed 82560K, reserved 1179648K
  class space    used 8801K, committed 9408K, reserved 1048576K
}

